<?xml version="1.0" encoding="UTF-8"?>
<!-- Generated by org.testng.reporters.JUnitReportReporter -->
<testsuite skipped="0" hostname="DESKTOP-2D2CTMR" name="B_annotationTest.BeforeClassTest" tests="4" failures="0" timestamp="22 Mar 2018 04:46:07 GMT" time="0.016" errors="0">
  <testcase name="loginTest" time="0.005" classname="B_annotationTest.BeforeClassTest"/>
  <testcase name="regTest" time="0.002" classname="B_annotationTest.BeforeClassTest"/>
  <testcase name="bookTest" time="0.003" classname="B_annotationTest.BeforeClassTest"/>
  <testcase name="cancelTest" time="0.006" classname="B_annotationTest.BeforeClassTest"/>
</testsuite> <!-- B_annotationTest.BeforeClassTest -->
