<?xml version="1.0" encoding="UTF-8"?>
<!-- Generated by org.testng.reporters.JUnitReportReporter -->
<testsuite skipped="0" hostname="DESKTOP-2D2CTMR" name="sampletest.H_InvokationCountTest" tests="13" failures="0" timestamp="01 Apr 2018 15:04:05 GMT" time="0.016" errors="0">
  <testcase name="loginTest" time="0.000" classname="sampletest.H_InvokationCountTest"/>
  <testcase name="loginTest" time="0.000" classname="sampletest.H_InvokationCountTest"/>
  <testcase name="loginTest" time="0.000" classname="sampletest.H_InvokationCountTest"/>
  <testcase name="loginTest" time="0.000" classname="sampletest.H_InvokationCountTest"/>
  <testcase name="loginTest" time="0.000" classname="sampletest.H_InvokationCountTest"/>
  <testcase name="loginTest" time="0.000" classname="sampletest.H_InvokationCountTest"/>
  <testcase name="loginTest" time="0.000" classname="sampletest.H_InvokationCountTest"/>
  <testcase name="loginTest" time="0.000" classname="sampletest.H_InvokationCountTest"/>
  <testcase name="loginTest" time="0.016" classname="sampletest.H_InvokationCountTest"/>
  <testcase name="loginTest" time="0.000" classname="sampletest.H_InvokationCountTest"/>
  <testcase name="regTest" time="0.000" classname="sampletest.H_InvokationCountTest"/>
  <testcase name="bookTest" time="0.000" classname="sampletest.H_InvokationCountTest"/>
  <testcase name="cancelTest" time="0.000" classname="sampletest.H_InvokationCountTest"/>
</testsuite> <!-- sampletest.H_InvokationCountTest -->
