<?xml version="1.0" encoding="UTF-8"?>
<!-- Generated by org.testng.reporters.JUnitReportReporter -->
<testsuite skipped="0" hostname="DESKTOP-2D2CTMR" name="B_annotationTest.C_BeforeTestTest" tests="4" failures="0" timestamp="22 Mar 2018 04:47:14 GMT" time="0.011" errors="0">
  <testcase name="loginTest" time="0.005" classname="B_annotationTest.C_BeforeTestTest"/>
  <testcase name="regTest" time="0.003" classname="B_annotationTest.C_BeforeTestTest"/>
  <testcase name="bookTest" time="0.001" classname="B_annotationTest.C_BeforeTestTest"/>
  <testcase name="cancelTest" time="0.002" classname="B_annotationTest.C_BeforeTestTest"/>
</testsuite> <!-- B_annotationTest.C_BeforeTestTest -->
