<?xml version="1.0" encoding="UTF-8"?>
<!-- Generated by org.testng.reporters.JUnitReportReporter -->
<testsuite skipped="0" hostname="DESKTOP-2D2CTMR" name="annotationtest.A_BeforeMethodTest" tests="4" failures="0" timestamp="02 Apr 2018 15:49:25 GMT" time="0.016" errors="0">
  <testcase name="loginTest" time="0.000" classname="annotationtest.A_BeforeMethodTest"/>
  <testcase name="regTest" time="0.000" classname="annotationtest.A_BeforeMethodTest"/>
  <testcase name="bookTest" time="0.000" classname="annotationtest.A_BeforeMethodTest"/>
  <testcase name="cancelTest" time="0.016" classname="annotationtest.A_BeforeMethodTest"/>
</testsuite> <!-- annotationtest.A_BeforeMethodTest -->
