<?xml version="1.0" encoding="UTF-8"?>
<!-- Generated by org.testng.reporters.JUnitReportReporter -->
<testsuite skipped="0" hostname="DESKTOP-2D2CTMR" name="parameterizationtest.SingleDataProviderMultitestTest" tests="6" failures="0" timestamp="03 Apr 2018 16:53:53 GMT" time="0.016" errors="0">
  <testcase name="loginTest" time="0.000" classname="parameterizationtest.SingleDataProviderMultitestTest"/>
  <testcase name="loginTest" time="0.000" classname="parameterizationtest.SingleDataProviderMultitestTest"/>
  <testcase name="loginTest" time="0.000" classname="parameterizationtest.SingleDataProviderMultitestTest"/>
  <testcase name="bookingTest" time="0.000" classname="parameterizationtest.SingleDataProviderMultitestTest"/>
  <testcase name="bookingTest" time="0.000" classname="parameterizationtest.SingleDataProviderMultitestTest"/>
  <testcase name="bookingTest" time="0.016" classname="parameterizationtest.SingleDataProviderMultitestTest"/>
</testsuite> <!-- parameterizationtest.SingleDataProviderMultitestTest -->
