<?xml version="1.0" encoding="UTF-8"?>
<!-- Generated by org.testng.reporters.JUnitReportReporter -->
<testsuite skipped="0" hostname="DESKTOP-2D2CTMR" name="parallelexecutiontest.ParallelTest" tests="2" failures="0" timestamp="03 Apr 2018 15:56:53 GMT" time="55.329" errors="0">
  <testcase name="navigateTest" time="26.891" classname="parallelexecutiontest.ParallelTest"/>
  <testcase name="navigateTest" time="28.438" classname="parallelexecutiontest.ParallelTest"/>
</testsuite> <!-- parallelexecutiontest.ParallelTest -->
