<?xml version="1.0" encoding="UTF-8"?>
<!-- Generated by org.testng.reporters.JUnitReportReporter -->
<testsuite skipped="0" hostname="DESKTOP-2D2CTMR" name="sampletest.ExpectedExceptionTest" tests="1" failures="0" timestamp="18 Mar 2018 06:11:27 GMT" time="0.015" errors="0">
  <testcase name="loginTest" time="0.015" classname="sampletest.ExpectedExceptionTest"/>
</testsuite> <!-- sampletest.ExpectedExceptionTest -->
