<?xml version="1.0" encoding="UTF-8"?>
<!-- Generated by org.testng.reporters.JUnitReportReporter -->
<testsuite skipped="0" hostname="DESKTOP-2D2CTMR" name="annotationTest.BeforeTestTest" tests="4" failures="0" timestamp="18 Mar 2018 06:43:06 GMT" time="0.019" errors="0">
  <testcase name="loginTest" time="0.000" classname="annotationTest.BeforeTestTest"/>
  <testcase name="regTest" time="0.001" classname="annotationTest.BeforeTestTest"/>
  <testcase name="bookTest" time="0.001" classname="annotationTest.BeforeTestTest"/>
  <testcase name="cancelTest" time="0.017" classname="annotationTest.BeforeTestTest"/>
</testsuite> <!-- annotationTest.BeforeTestTest -->
