<?xml version="1.0" encoding="UTF-8"?>
<!-- Generated by org.testng.reporters.JUnitReportReporter -->
<testsuite skipped="0" hostname="DESKTOP-2D2CTMR" name="assertiontest.A_HardAssertTest" tests="1" failures="0" timestamp="02 Apr 2018 16:28:47 GMT" time="0.015" errors="0">
  <testcase name="loginTest" time="0.015" classname="assertiontest.A_HardAssertTest"/>
</testsuite> <!-- assertiontest.A_HardAssertTest -->
