<?xml version="1.0" encoding="UTF-8"?>
<!-- Generated by org.testng.reporters.JUnitReportReporter -->
<testsuite skipped="1" hostname="DESKTOP-2D2CTMR" name="sampletest.SkipTest" tests="4" failures="0" timestamp="18 Mar 2018 05:50:34 GMT" time="0.026" errors="0">
  <testcase name="loginTest" time="0.020" classname="sampletest.SkipTest"/>
  <testcase name="bookTest" time="0.006" classname="sampletest.SkipTest"/>
  <testcase name="cancelTest" time="0.000" classname="sampletest.SkipTest"/>
  <testcase name="regTest" classname="sampletest.SkipTest">
    <skipped/>
  </testcase> <!-- regTest -->
</testsuite> <!-- sampletest.SkipTest -->
