<?xml version="1.0" encoding="UTF-8"?>
<!-- Generated by org.testng.reporters.JUnitReportReporter -->
<testsuite skipped="0" hostname="DESKTOP-2D2CTMR" name="parameterizationtest.MultiTestMultiDataProvider" tests="6" failures="0" timestamp="03 Apr 2018 16:58:14 GMT" time="0.015" errors="0">
  <testcase name="loginTest" time="0.015" classname="parameterizationtest.MultiTestMultiDataProvider"/>
  <testcase name="loginTest" time="0.000" classname="parameterizationtest.MultiTestMultiDataProvider"/>
  <testcase name="loginTest" time="0.000" classname="parameterizationtest.MultiTestMultiDataProvider"/>
  <testcase name="bookingTest" time="0.000" classname="parameterizationtest.MultiTestMultiDataProvider"/>
  <testcase name="bookingTest" time="0.000" classname="parameterizationtest.MultiTestMultiDataProvider"/>
  <testcase name="bookingTest" time="0.000" classname="parameterizationtest.MultiTestMultiDataProvider"/>
</testsuite> <!-- parameterizationtest.MultiTestMultiDataProvider -->
