<?xml version="1.0" encoding="UTF-8"?>
<!-- Generated by org.testng.reporters.JUnitReportReporter -->
<testsuite skipped="0" hostname="DESKTOP-2D2CTMR" name="sampletest.PriorityTest" tests="4" failures="0" timestamp="18 Mar 2018 05:38:09 GMT" time="0.029" errors="0">
  <testcase name="loginTest" time="0.022" classname="sampletest.PriorityTest"/>
  <testcase name="regTest" time="0.003" classname="sampletest.PriorityTest"/>
  <testcase name="bookTest" time="0.004" classname="sampletest.PriorityTest"/>
  <testcase name="cancelTest" time="0.000" classname="sampletest.PriorityTest"/>
</testsuite> <!-- sampletest.PriorityTest -->
