<?xml version="1.0" encoding="UTF-8"?>
<!-- Generated by org.testng.reporters.JUnitReportReporter -->
<testsuite skipped="0" hostname="DESKTOP-2D2CTMR" name="a_sampletest.F_ExpectedExceptionTest" tests="1" failures="0" timestamp="22 Mar 2018 04:39:48 GMT" time="0.008" errors="0">
  <testcase name="loginTest" time="0.008" classname="a_sampletest.F_ExpectedExceptionTest"/>
</testsuite> <!-- a_sampletest.F_ExpectedExceptionTest -->
