<?xml version="1.0" encoding="UTF-8"?>
<!-- Generated by org.testng.reporters.JUnitReportReporter -->
<testsuite skipped="0" hostname="DESKTOP-2D2CTMR" name="sampletest.I_InvokationTimeOutTest" tests="1" failures="0" timestamp="01 Apr 2018 15:06:56 GMT" time="4.002" errors="0">
  <testcase name="loginTest" time="4.002" classname="sampletest.I_InvokationTimeOutTest"/>
</testsuite> <!-- sampletest.I_InvokationTimeOutTest -->
