<?xml version="1.0" encoding="UTF-8"?>
<!-- Generated by org.testng.reporters.JUnitReportReporter -->
<testsuite skipped="0" hostname="DESKTOP-2D2CTMR" name="C_assertionTest.HardAssertTest" tests="1" failures="0" timestamp="22 Mar 2018 04:48:56 GMT" time="0.016" errors="0">
  <testcase name="loginTest" time="0.016" classname="C_assertionTest.HardAssertTest"/>
</testsuite> <!-- C_assertionTest.HardAssertTest -->
