<?xml version="1.0" encoding="UTF-8"?>
<!-- Generated by org.testng.reporters.JUnitReportReporter -->
<testsuite skipped="0" hostname="DESKTOP-2D2CTMR" name="sampletest.LogTest" tests="4" failures="0" timestamp="18 Mar 2018 05:58:36 GMT" time="0.002" errors="0">
  <testcase name="loginTest" time="0.000" classname="sampletest.LogTest"/>
  <testcase name="regTest" time="0.000" classname="sampletest.LogTest"/>
  <testcase name="bookTest" time="0.001" classname="sampletest.LogTest"/>
  <testcase name="cancelTest" time="0.001" classname="sampletest.LogTest"/>
</testsuite> <!-- sampletest.LogTest -->
