<?xml version="1.0" encoding="UTF-8"?>
<!-- Generated by org.testng.reporters.JUnitReportReporter -->
<testsuite skipped="0" hostname="DESKTOP-2D2CTMR" name="sampletest.DescriptionTest" tests="4" failures="0" timestamp="18 Mar 2018 05:54:29 GMT" time="0.006" errors="0">
  <testcase name="loginTest" time="0.006" classname="sampletest.DescriptionTest"/>
  <testcase name="regTest" time="0.000" classname="sampletest.DescriptionTest"/>
  <testcase name="bookTest" time="0.000" classname="sampletest.DescriptionTest"/>
  <testcase name="cancelTest" time="0.000" classname="sampletest.DescriptionTest"/>
</testsuite> <!-- sampletest.DescriptionTest -->
