<?xml version="1.0" encoding="UTF-8"?>
<!-- Generated by org.testng.reporters.JUnitReportReporter -->
<testsuite skipped="0" hostname="DESKTOP-2D2CTMR" name="B_annotationTest.A_BeforeMethodTest" tests="4" failures="0" timestamp="22 Mar 2018 04:45:21 GMT" time="0.025" errors="0">
  <testcase name="loginTest" time="0.010" classname="B_annotationTest.A_BeforeMethodTest"/>
  <testcase name="regTest" time="0.011" classname="B_annotationTest.A_BeforeMethodTest"/>
  <testcase name="bookTest" time="0.002" classname="B_annotationTest.A_BeforeMethodTest"/>
  <testcase name="cancelTest" time="0.002" classname="B_annotationTest.A_BeforeMethodTest"/>
</testsuite> <!-- B_annotationTest.A_BeforeMethodTest -->
