<?xml version="1.0" encoding="UTF-8"?>
<!-- Generated by org.testng.reporters.JUnitReportReporter -->
<testsuite skipped="0" hostname="DESKTOP-2D2CTMR" name="annotationtest.C_BeforeTestTest" tests="4" failures="0" timestamp="02 Apr 2018 15:45:10 GMT" time="0.016" errors="0">
  <testcase name="loginTest" time="0.000" classname="annotationtest.C_BeforeTestTest"/>
  <testcase name="regTest" time="0.016" classname="annotationtest.C_BeforeTestTest"/>
  <testcase name="bookTest" time="0.000" classname="annotationtest.C_BeforeTestTest"/>
  <testcase name="cancelTest" time="0.000" classname="annotationtest.C_BeforeTestTest"/>
</testsuite> <!-- annotationtest.C_BeforeTestTest -->
