<?xml version="1.0" encoding="UTF-8"?>
<!-- Generated by org.testng.reporters.JUnitReportReporter -->
<testsuite skipped="0" hostname="DESKTOP-2D2CTMR" name="sampletest.A_SampleTest" tests="1" failures="0" timestamp="01 Apr 2018 14:34:46 GMT" time="0.017" errors="0">
  <testcase name="loginTest" time="0.017" classname="sampletest.A_SampleTest"/>
</testsuite> <!-- sampletest.A_SampleTest -->
