<?xml version="1.0" encoding="UTF-8"?>
<!-- Generated by org.testng.reporters.JUnitReportReporter -->
<testsuite skipped="0" hostname="DESKTOP-2D2CTMR" name="assertiontest.B_SoftAssertionTest" tests="1" failures="0" timestamp="02 Apr 2018 16:33:40 GMT" time="0.016" errors="0">
  <testcase name="loginTest" time="0.016" classname="assertiontest.B_SoftAssertionTest"/>
</testsuite> <!-- assertiontest.B_SoftAssertionTest -->
