<?xml version="1.0" encoding="UTF-8"?>
<!-- Generated by org.testng.reporters.JUnitReportReporter -->
<testsuite skipped="0" hostname="DESKTOP-2D2CTMR" name="annotationTest.BeforeMethodTest" tests="4" failures="0" timestamp="18 Mar 2018 06:35:17 GMT" time="0.032" errors="0">
  <testcase name="loginTest" time="0.000" classname="annotationTest.BeforeMethodTest"/>
  <testcase name="regTest" time="0.016" classname="annotationTest.BeforeMethodTest"/>
  <testcase name="bookTest" time="0.016" classname="annotationTest.BeforeMethodTest"/>
  <testcase name="cancelTest" time="0.000" classname="annotationTest.BeforeMethodTest"/>
</testsuite> <!-- annotationTest.BeforeMethodTest -->
