<?xml version="1.0" encoding="UTF-8"?>
<!-- Generated by org.testng.reporters.JUnitReportReporter -->
<testsuite skipped="0" hostname="DESKTOP-2D2CTMR" name="annotationtest.B_BeforeClassTest" tests="4" failures="0" timestamp="02 Apr 2018 15:50:44 GMT" time="0.031" errors="0">
  <testcase name="loginTest" time="0.016" classname="annotationtest.B_BeforeClassTest"/>
  <testcase name="regTest" time="0.000" classname="annotationtest.B_BeforeClassTest"/>
  <testcase name="bookTest" time="0.015" classname="annotationtest.B_BeforeClassTest"/>
  <testcase name="cancelTest" time="0.000" classname="annotationtest.B_BeforeClassTest"/>
</testsuite> <!-- annotationtest.B_BeforeClassTest -->
