<?xml version="1.0" encoding="UTF-8"?>
<!-- Generated by org.testng.reporters.JUnitReportReporter -->
<testsuite skipped="0" hostname="DESKTOP-2D2CTMR" name="a_sampletest.LogTest" tests="4" failures="0" timestamp="22 Mar 2018 04:35:33 GMT" time="0.020" errors="0">
  <testcase name="loginTest" time="0.010" classname="a_sampletest.LogTest"/>
  <testcase name="regTest" time="0.003" classname="a_sampletest.LogTest"/>
  <testcase name="bookTest" time="0.002" classname="a_sampletest.LogTest"/>
  <testcase name="cancelTest" time="0.005" classname="a_sampletest.LogTest"/>
</testsuite> <!-- a_sampletest.LogTest -->
