<?xml version="1.0" encoding="UTF-8"?>
<!-- Generated by org.testng.reporters.JUnitReportReporter -->
<testsuite skipped="0" hostname="DESKTOP-2D2CTMR" name="parameterizationtest.SingleDataProviderTest" tests="3" failures="0" timestamp="03 Apr 2018 16:34:15 GMT" time="0.014" errors="0">
  <testcase name="loginTest" time="0.002" classname="parameterizationtest.SingleDataProviderTest"/>
  <testcase name="loginTest" time="0.006" classname="parameterizationtest.SingleDataProviderTest"/>
  <testcase name="loginTest" time="0.006" classname="parameterizationtest.SingleDataProviderTest"/>
</testsuite> <!-- parameterizationtest.SingleDataProviderTest -->
