<?xml version="1.0" encoding="UTF-8"?>
<!-- Generated by org.testng.reporters.JUnitReportReporter -->
<testsuite skipped="0" hostname="DESKTOP-2D2CTMR" name="a_sampletest.InvokationTimeOutTest" tests="1" failures="0" timestamp="22 Mar 2018 04:42:43 GMT" time="4.012" errors="0">
  <testcase name="loginTest" time="4.012" classname="a_sampletest.InvokationTimeOutTest"/>
</testsuite> <!-- a_sampletest.InvokationTimeOutTest -->
