<?xml version="1.0" encoding="UTF-8"?>
<!-- Generated by org.testng.reporters.JUnitReportReporter -->
<testsuite skipped="0" hostname="DESKTOP-2D2CTMR" name="sampletest.F_ExpectedExceptionTest" tests="1" failures="0" timestamp="02 Apr 2018 15:38:49 GMT" time="0.000" errors="0">
  <testcase name="loginTest" time="0.000" classname="sampletest.F_ExpectedExceptionTest"/>
</testsuite> <!-- sampletest.F_ExpectedExceptionTest -->
