<?xml version="1.0" encoding="UTF-8"?>
<!-- Generated by org.testng.reporters.JUnitReportReporter -->
<testsuite skipped="0" hostname="DESKTOP-2D2CTMR" name="sampletest.B_PriorityTest" tests="4" failures="0" timestamp="01 Apr 2018 14:53:32 GMT" time="0.032" errors="0">
  <testcase name="loginTest" time="0.016" classname="sampletest.B_PriorityTest"/>
  <testcase name="regTest" time="0.000" classname="sampletest.B_PriorityTest"/>
  <testcase name="bookTest" time="0.016" classname="sampletest.B_PriorityTest"/>
  <testcase name="cancelTest" time="0.000" classname="sampletest.B_PriorityTest"/>
</testsuite> <!-- sampletest.B_PriorityTest -->
