<?xml version="1.0" encoding="UTF-8"?>
<!-- Generated by org.testng.reporters.JUnitReportReporter -->
<testsuite skipped="0" hostname="DESKTOP-2D2CTMR" name="sampletest.SampleTest" tests="1" failures="0" timestamp="18 Mar 2018 05:19:30 GMT" time="0.010" errors="0">
  <testcase name="loginTest" time="0.010" classname="sampletest.SampleTest"/>
</testsuite> <!-- sampletest.SampleTest -->
