<?xml version="1.0" encoding="UTF-8"?>
<!-- Generated by org.testng.reporters.JUnitReportReporter -->
<testsuite skipped="0" hostname="DESKTOP-2D2CTMR" name="a_sampletest.B_PriorityTest" tests="4" failures="0" timestamp="22 Mar 2018 04:25:01 GMT" time="0.014" errors="0">
  <testcase name="loginTest" time="0.009" classname="a_sampletest.B_PriorityTest"/>
  <testcase name="regTest" time="0.003" classname="a_sampletest.B_PriorityTest"/>
  <testcase name="bookTest" time="0.001" classname="a_sampletest.B_PriorityTest"/>
  <testcase name="cancelTest" time="0.001" classname="a_sampletest.B_PriorityTest"/>
</testsuite> <!-- a_sampletest.B_PriorityTest -->
