<?xml version="1.0" encoding="UTF-8"?>
<!-- Generated by org.testng.reporters.JUnitReportReporter -->
<testsuite skipped="0" hostname="DESKTOP-2D2CTMR" name="a_sampletest.G_DescriptionTest" tests="4" failures="0" timestamp="22 Mar 2018 04:40:15 GMT" time="0.018" errors="0">
  <testcase name="loginTest" time="0.011" classname="a_sampletest.G_DescriptionTest"/>
  <testcase name="regTest" time="0.004" classname="a_sampletest.G_DescriptionTest"/>
  <testcase name="bookTest" time="0.001" classname="a_sampletest.G_DescriptionTest"/>
  <testcase name="cancelTest" time="0.002" classname="a_sampletest.G_DescriptionTest"/>
</testsuite> <!-- a_sampletest.G_DescriptionTest -->
