<?xml version="1.0" encoding="UTF-8"?>
<!-- Generated by org.testng.reporters.JUnitReportReporter -->
<testsuite skipped="0" hostname="DESKTOP-2D2CTMR" name="groupintest.GroupTest" tests="6" failures="0" timestamp="03 Apr 2018 17:02:39 GMT" time="0.000" errors="0">
  <testcase name="loginTest" time="0.000" classname="groupintest.GroupTest"/>
  <testcase name="loginTest" time="0.000" classname="groupintest.GroupTest"/>
  <testcase name="regTest" time="0.000" classname="groupintest.GroupTest"/>
  <testcase name="bookTest" time="0.000" classname="groupintest.GroupTest"/>
  <testcase name="bookTest" time="0.000" classname="groupintest.GroupTest"/>
  <testcase name="cancelTest" time="0.000" classname="groupintest.GroupTest"/>
</testsuite> <!-- groupintest.GroupTest -->
