<?xml version="1.0" encoding="UTF-8"?>
<!-- Generated by org.testng.reporters.JUnitReportReporter -->
<testsuite skipped="1" hostname="DESKTOP-2D2CTMR" name="a_sampletest.C_SkipTest" tests="4" failures="0" timestamp="22 Mar 2018 04:30:45 GMT" time="0.012" errors="0">
  <testcase name="loginTest" time="0.008" classname="a_sampletest.C_SkipTest"/>
  <testcase name="bookTest" time="0.002" classname="a_sampletest.C_SkipTest"/>
  <testcase name="cancelTest" time="0.002" classname="a_sampletest.C_SkipTest"/>
  <testcase name="regTest" classname="a_sampletest.C_SkipTest">
    <skipped/>
  </testcase> <!-- regTest -->
</testsuite> <!-- a_sampletest.C_SkipTest -->
