<?xml version="1.0" encoding="UTF-8"?>
<!-- Generated by org.testng.reporters.JUnitReportReporter -->
<testsuite skipped="0" hostname="DESKTOP-2D2CTMR" name="sampletest.G_DescriptionTest" tests="4" failures="0" timestamp="01 Apr 2018 15:00:05 GMT" time="0.016" errors="0">
  <testcase name="loginTest" time="0.016" classname="sampletest.G_DescriptionTest"/>
  <testcase name="regTest" time="0.000" classname="sampletest.G_DescriptionTest"/>
  <testcase name="bookTest" time="0.000" classname="sampletest.G_DescriptionTest"/>
  <testcase name="cancelTest" time="0.000" classname="sampletest.G_DescriptionTest"/>
</testsuite> <!-- sampletest.G_DescriptionTest -->
