<?xml version="1.0" encoding="UTF-8"?>
<!-- Generated by org.testng.reporters.JUnitReportReporter -->
<testsuite skipped="0" hostname="DESKTOP-2D2CTMR" name="sampletest.InvokationCountTest" tests="13" failures="0" timestamp="18 Mar 2018 06:00:38 GMT" time="0.047" errors="0">
  <testcase name="loginTest" time="0.000" classname="sampletest.InvokationCountTest"/>
  <testcase name="loginTest" time="0.000" classname="sampletest.InvokationCountTest"/>
  <testcase name="loginTest" time="0.002" classname="sampletest.InvokationCountTest"/>
  <testcase name="loginTest" time="0.014" classname="sampletest.InvokationCountTest"/>
  <testcase name="loginTest" time="0.001" classname="sampletest.InvokationCountTest"/>
  <testcase name="loginTest" time="0.000" classname="sampletest.InvokationCountTest"/>
  <testcase name="loginTest" time="0.000" classname="sampletest.InvokationCountTest"/>
  <testcase name="loginTest" time="0.000" classname="sampletest.InvokationCountTest"/>
  <testcase name="loginTest" time="0.016" classname="sampletest.InvokationCountTest"/>
  <testcase name="loginTest" time="0.000" classname="sampletest.InvokationCountTest"/>
  <testcase name="regTest" time="0.000" classname="sampletest.InvokationCountTest"/>
  <testcase name="bookTest" time="0.014" classname="sampletest.InvokationCountTest"/>
  <testcase name="cancelTest" time="0.000" classname="sampletest.InvokationCountTest"/>
</testsuite> <!-- sampletest.InvokationCountTest -->
