<?xml version="1.0" encoding="UTF-8"?>
<!-- Generated by org.testng.reporters.JUnitReportReporter -->
<testsuite skipped="0" hostname="DESKTOP-2D2CTMR" name="a_sampletest.InvokationCountTest" tests="13" failures="0" timestamp="22 Mar 2018 04:41:01 GMT" time="0.032" errors="0">
  <testcase name="loginTest" time="0.002" classname="a_sampletest.InvokationCountTest"/>
  <testcase name="loginTest" time="0.001" classname="a_sampletest.InvokationCountTest"/>
  <testcase name="loginTest" time="0.003" classname="a_sampletest.InvokationCountTest"/>
  <testcase name="loginTest" time="0.011" classname="a_sampletest.InvokationCountTest"/>
  <testcase name="loginTest" time="0.005" classname="a_sampletest.InvokationCountTest"/>
  <testcase name="loginTest" time="0.002" classname="a_sampletest.InvokationCountTest"/>
  <testcase name="loginTest" time="0.001" classname="a_sampletest.InvokationCountTest"/>
  <testcase name="loginTest" time="0.001" classname="a_sampletest.InvokationCountTest"/>
  <testcase name="loginTest" time="0.001" classname="a_sampletest.InvokationCountTest"/>
  <testcase name="loginTest" time="0.001" classname="a_sampletest.InvokationCountTest"/>
  <testcase name="regTest" time="0.002" classname="a_sampletest.InvokationCountTest"/>
  <testcase name="bookTest" time="0.000" classname="a_sampletest.InvokationCountTest"/>
  <testcase name="cancelTest" time="0.002" classname="a_sampletest.InvokationCountTest"/>
</testsuite> <!-- a_sampletest.InvokationCountTest -->
